2025-10-01 14:15:08,803 INFO:[31m[1mWARNING: This is a development server. Do not use it in a production deployment. Use a production WSGI server instead.[0m
 * Running on http://127.0.0.1:5000
2025-10-01 14:15:08,804 INFO:[33mPress CTRL+C to quit[0m
2025-10-01 14:15:08,804 INFO: * Restarting with stat
2025-10-01 14:15:08,972 WARNING: * Debugger is active!
2025-10-01 14:15:08,977 INFO: * Debugger PIN: 459-622-494
2025-10-01 14:15:46,718 INFO:[31m[1mWARNING: This is a development server. Do not use it in a production deployment. Use a production WSGI server instead.[0m
 * Running on http://127.0.0.1:5000
2025-10-01 14:15:46,718 INFO:[33mPress CTRL+C to quit[0m
2025-10-01 14:15:46,719 INFO: * Restarting with stat
2025-10-01 14:15:46,893 WARNING: * Debugger is active!
2025-10-01 14:15:46,897 INFO: * Debugger PIN: 459-622-494
2025-10-01 14:19:48,629 INFO:[31m[1mWARNING: This is a development server. Do not use it in a production deployment. Use a production WSGI server instead.[0m
 * Running on http://127.0.0.1:5000
2025-10-01 14:19:48,629 INFO:[33mPress CTRL+C to quit[0m
2025-10-01 14:19:48,630 INFO: * Restarting with stat
2025-10-01 14:19:48,803 WARNING: * Debugger is active!
2025-10-01 14:19:48,807 INFO: * Debugger PIN: 459-622-494
2025-10-01 14:24:46,695 INFO:[31m[1mWARNING: This is a development server. Do not use it in a production deployment. Use a production WSGI server instead.[0m
 * Running on http://127.0.0.1:5000
2025-10-01 14:24:46,695 INFO:[33mPress CTRL+C to quit[0m
2025-10-01 14:24:46,696 INFO: * Restarting with stat
2025-10-01 14:24:46,887 WARNING: * Debugger is active!
2025-10-01 14:24:46,892 INFO: * Debugger PIN: 459-622-494
2025-10-01 14:28:56,846 INFO:[31m[1mWARNING: This is a development server. Do not use it in a production deployment. Use a production WSGI server instead.[0m
 * Running on http://127.0.0.1:5000
2025-10-01 14:28:56,846 INFO:[33mPress CTRL+C to quit[0m
2025-10-01 14:28:56,846 INFO: * Restarting with stat
2025-10-01 14:28:57,013 WARNING: * Debugger is active!
2025-10-01 14:28:57,018 INFO: * Debugger PIN: 459-622-494
2025-10-01 14:29:16,580 INFO:[31m[1mWARNING: This is a development server. Do not use it in a production deployment. Use a production WSGI server instead.[0m
 * Running on http://127.0.0.1:5000
2025-10-01 14:29:16,580 INFO:[33mPress CTRL+C to quit[0m
2025-10-01 14:29:16,580 INFO: * Restarting with stat
2025-10-01 14:29:16,753 WARNING: * Debugger is active!
2025-10-01 14:29:16,756 INFO: * Debugger PIN: 459-622-494
2025-10-01 14:29:24,806 INFO:[31m[1mWARNING: This is a development server. Do not use it in a production deployment. Use a production WSGI server instead.[0m
 * Running on http://127.0.0.1:5000
2025-10-01 14:29:24,806 INFO:[33mPress CTRL+C to quit[0m
2025-10-01 14:29:24,806 INFO: * Restarting with stat
2025-10-01 14:29:24,978 WARNING: * Debugger is active!
2025-10-01 14:29:24,982 INFO: * Debugger PIN: 459-622-494
2025-10-01 14:32:24,948 INFO:[31m[1mWARNING: This is a development server. Do not use it in a production deployment. Use a production WSGI server instead.[0m
 * Running on http://127.0.0.1:5000
2025-10-01 14:32:24,949 INFO:[33mPress CTRL+C to quit[0m
2025-10-01 14:32:24,949 INFO: * Restarting with stat
2025-10-01 14:32:25,117 WARNING: * Debugger is active!
2025-10-01 14:32:25,122 INFO: * Debugger PIN: 459-622-494
2025-10-01 14:35:54,475 INFO:[31m[1mWARNING: This is a development server. Do not use it in a production deployment. Use a production WSGI server instead.[0m
 * Running on http://127.0.0.1:5000
2025-10-01 14:35:54,475 INFO:[33mPress CTRL+C to quit[0m
2025-10-01 14:35:54,476 INFO: * Restarting with stat
2025-10-01 14:35:54,644 WARNING: * Debugger is active!
2025-10-01 14:35:54,648 INFO: * Debugger PIN: 459-622-494
2025-10-01 14:36:32,651 INFO:[31m[1mWARNING: This is a development server. Do not use it in a production deployment. Use a production WSGI server instead.[0m
 * Running on http://127.0.0.1:5000
2025-10-01 14:36:32,651 INFO:[33mPress CTRL+C to quit[0m
2025-10-01 14:36:32,651 INFO: * Restarting with stat
2025-10-01 14:36:32,817 WARNING: * Debugger is active!
2025-10-01 14:36:32,821 INFO: * Debugger PIN: 459-622-494
2025-10-01 14:36:34,053 INFO:[31m[1mWARNING: This is a development server. Do not use it in a production deployment. Use a production WSGI server instead.[0m
 * Running on http://127.0.0.1:5000
2025-10-01 14:36:34,053 INFO:[33mPress CTRL+C to quit[0m
2025-10-01 14:36:34,054 INFO: * Restarting with stat
2025-10-01 14:36:34,218 WARNING: * Debugger is active!
2025-10-01 14:36:34,222 INFO: * Debugger PIN: 459-622-494
2025-10-01 14:36:41,709 INFO:[31m[1mWARNING: This is a development server. Do not use it in a production deployment. Use a production WSGI server instead.[0m
 * Running on http://127.0.0.1:5000
2025-10-01 14:36:41,709 INFO:[33mPress CTRL+C to quit[0m
2025-10-01 14:36:41,709 INFO: * Restarting with stat
2025-10-01 14:36:41,873 WARNING: * Debugger is active!
2025-10-01 14:36:41,877 INFO: * Debugger PIN: 459-622-494
2025-10-01 14:37:11,766 INFO:[31m[1mWARNING: This is a development server. Do not use it in a production deployment. Use a production WSGI server instead.[0m
 * Running on http://127.0.0.1:5000
2025-10-01 14:37:11,766 INFO:[33mPress CTRL+C to quit[0m
2025-10-01 14:37:11,766 INFO: * Restarting with stat
2025-10-01 14:37:11,936 WARNING: * Debugger is active!
2025-10-01 14:37:11,940 INFO: * Debugger PIN: 459-622-494
